
апрель 09 2025, 21:22:19 /desc-router/upload-text POST
апрель 09 2025, 21:29:39 /library/Mm6Gq0d GET
апрель 09 2025, 21:33:12 /library GET
апрель 09 2025, 21:33:53 /library/VX6PlWU GET
апрель 09 2025, 21:35:36 /library/VX6PlWU GET
апрель 09 2025, 21:36:49 /library/VX6PlWU GET
апрель 09 2025, 21:37:44 /library/VX6PlWU.txt GET
апрель 09 2025, 21:38:17 /library/VX6PlWU.txt GET
апрель 09 2025, 21:40:20 /library/VX6PlWU.txt GET
апрель 09 2025, 21:42:33 /library/VX6PlWU.txt GET
апрель 09 2025, 21:43:25 /library/VX6PlWU.txt GET
апрель 09 2025, 21:47:13 /library/VX6PlWU.txt GET
апрель 09 2025, 21:49:05 /library/VX6PlWU.txt GET
апрель 09 2025, 21:49:45 /library GET
апрель 09 2025, 21:50:15 / GET
апрель 09 2025, 21:51:06 /api/books GET
апрель 09 2025, 21:51:26 /library/sZFBk8Q.txt GET
апрель 09 2025, 21:57:21 /library/sZFBk8Q.txt GET
апрель 09 2025, 22:02:09 /library/sZFBk8Q.txt - GET
апрель 09 2025, 22:06:17 /library/sZFBk8Q.txt - GET
апрель 09 2025, 22:06:43 /sZFBk8Q.txt - GET
апрель 09 2025, 22:07:30 /VX6PlWU.txt - GET
апрель 09 2025, 22:09:14 /VX6PlWU.txt - GET
апрель 09 2025, 22:09:29 /library/VX6PlWU.txt - GET
апрель 09 2025, 22:09:38 /VX6PlWU.txt - GET
апрель 09 2025, 22:09:54 /VX6PlWU.txt - GET
апрель 09 2025, 22:12:52 /static/VX6PlWU.txt - GET
апрель 09 2025, 22:14:04 /static/sZFBk8Q.txt - GET
